<?xml version="1.0" encoding="UTF-8"?>
<!-- Generated by org.testng.reporters.JUnitXMLReporter -->
<testsuite hostname="DESKTOP-D2VNVIF" ignored="4" name="TestRunner" tests="2" failures="0" timestamp="21 Jan 2022 10:30:28 GMT" time="160.102" errors="0">
  <testcase name="CreateContactTest" time="56.447" classname="com.crm.comcast.contactTest.BothTCContactTest"/>
  <testcase name="createOrgwithIndustry" time="26.538" classname="com.crm.comcast.orgTest.BothTCOrgTest"/>
  <testcase name="@AfterSuite configAS" time="0.0" classname="com.crm.GenericLibrary.BaseAnnotationClass">
    <ignored/>
  </testcase> <!-- @AfterSuite configAS -->
  <testcase name="CreateOrgWithIndsDDTest" time="0.0" classname="com.crm.comcast.contactTest.BothTCContactTest">
    <ignored/>
  </testcase> <!-- CreateOrgWithIndsDDTest -->
  <testcase name="@BeforeSuite configBS" time="0.0" classname="com.crm.GenericLibrary.BaseAnnotationClass">
    <ignored/>
  </testcase> <!-- @BeforeSuite configBS -->
  <testcase name="contactTest" time="0.0" classname="com.crm.comcast.orgTest.BothTCOrgTest">
    <ignored/>
  </testcase> <!-- contactTest -->
</testsuite> <!-- TestRunner -->
