<?xml version="1.0" encoding="UTF-8"?>
<!-- Generated by org.testng.reporters.JUnitXMLReporter -->
<testsuite hostname="DESKTOP-D2VNVIF" ignored="2" name="Test" tests="4" failures="0" timestamp="21 Jan 2022 08:10:16 GMT" time="212.251" errors="0">
  <testcase name="CreateContactTest" time="38.705" classname="com.crm.comcast.contactTest.BothTCContactTest"/>
  <testcase name="CreateOrgWithIndsDDTest" time="47.391" classname="com.crm.comcast.contactTest.BothTCContactTest"/>
  <testcase name="contactTest" time="41.986" classname="com.crm.comcast.orgTest.BothTCOrgTest"/>
  <testcase name="createOrgwithIndustry" time="29.778" classname="com.crm.comcast.orgTest.BothTCOrgTest"/>
  <testcase name="@AfterSuite configAS" time="0.0" classname="com.crm.GenericLibrary.BaseAnnotationClass">
    <ignored/>
  </testcase> <!-- @AfterSuite configAS -->
  <testcase name="@BeforeSuite configBS" time="0.0" classname="com.crm.GenericLibrary.BaseAnnotationClass">
    <ignored/>
  </testcase> <!-- @BeforeSuite configBS -->
</testsuite> <!-- Test -->
