<?xml version="1.0" encoding="UTF-8"?>
<!-- Generated by org.testng.reporters.JUnitXMLReporter -->
<testsuite hostname="DESKTOP-D2VNVIF" ignored="0" name="TestRunner-2" tests="2" failures="0" timestamp="21 Jan 2022 10:57:10 GMT" time="108.045" errors="0">
  <testcase name="CreateContactTest" time="26.341" classname="com.crm.comcast.contactTest.BothTCContactTest"/>
  <testcase name="CreateOrgWithIndsDDTest" time="49.146" classname="com.crm.comcast.contactTest.BothTCContactTest"/>
</testsuite> <!-- TestRunner-2 -->
