<?xml version="1.0" encoding="UTF-8"?>
<!-- Generated by org.testng.reporters.JUnitXMLReporter -->
<testsuite hostname="DESKTOP-D2VNVIF" ignored="0" name="TestRunner" tests="2" failures="0" timestamp="22 Jan 2022 20:55:19 GMT" time="189.17" errors="0">
  <testcase name="CreateContactTest" time="49.406" classname="com.crm.comcast.contactTest.BothTCContactTest"/>
  <testcase name="CreateOrgWithIndsDDTest" time="43.927" classname="com.crm.comcast.contactTest.BothTCContactTest"/>
</testsuite> <!-- TestRunner -->
