<?xml version="1.0" encoding="UTF-8"?>
<!-- Generated by org.testng.reporters.JUnitXMLReporter -->
<testsuite hostname="DESKTOP-D2VNVIF" ignored="4" name="Test" tests="2" failures="0" timestamp="21 Jan 2022 08:03:44 GMT" time="104.467" errors="0">
  <testcase name="CreateContactTest" time="41.57" classname="com.crm.comcast.contactTest.BothTCContactTest"/>
  <testcase name="contactTest" time="24.085" classname="com.crm.comcast.orgTest.BothTCOrgTest"/>
  <testcase name="@AfterSuite configAS" time="0.0" classname="com.crm.GenericLibrary.BaseAnnotationClass">
    <ignored/>
  </testcase> <!-- @AfterSuite configAS -->
  <testcase name="createOrgwithIndustry" time="0.0" classname="com.crm.comcast.orgTest.BothTCOrgTest">
    <ignored/>
  </testcase> <!-- createOrgwithIndustry -->
  <testcase name="CreateOrgWithIndsDDTest" time="0.0" classname="com.crm.comcast.contactTest.BothTCContactTest">
    <ignored/>
  </testcase> <!-- CreateOrgWithIndsDDTest -->
  <testcase name="@BeforeSuite configBS" time="0.0" classname="com.crm.GenericLibrary.BaseAnnotationClass">
    <ignored/>
  </testcase> <!-- @BeforeSuite configBS -->
</testsuite> <!-- Test -->
