<?xml version="1.0" encoding="UTF-8"?>
<!-- Generated by org.testng.reporters.JUnitXMLReporter -->
<testsuite hostname="DESKTOP-D2VNVIF" ignored="2" name="TestRunner-chrome" tests="4" failures="0" timestamp="21 Jan 2022 11:45:11 GMT" time="229.445" errors="0">
  <testcase name="contactTest" time="48.229" classname="com.crm.comcast.orgTest.BothTCOrgTest"/>
  <testcase name="createOrgwithIndustry" time="27.608" classname="com.crm.comcast.orgTest.BothTCOrgTest"/>
  <testcase name="CreateContactTest" time="25.918" classname="com.crm.comcast.contactTest.BothTCContactTest"/>
  <testcase name="CreateOrgWithIndsDDTest" time="38.937" classname="com.crm.comcast.contactTest.BothTCContactTest"/>
  <testcase name="@AfterSuite configAS" time="0.0" classname="com.crm.GenericLibrary.BaseAnnotationClass">
    <ignored/>
  </testcase> <!-- @AfterSuite configAS -->
  <testcase name="@BeforeSuite configBS" time="0.0" classname="com.crm.GenericLibrary.BaseAnnotationClass">
    <ignored/>
  </testcase> <!-- @BeforeSuite configBS -->
</testsuite> <!-- TestRunner-chrome -->
