<?xml version="1.0" encoding="UTF-8"?>
<!-- Generated by org.testng.reporters.JUnitXMLReporter -->
<testsuite hostname="DESKTOP-D2VNVIF" ignored="2" name="TestRunner-Firefox" tests="4" failures="0" timestamp="21 Jan 2022 11:48:29 GMT" time="197.693" errors="0">
  <testcase name="contactTest" time="21.452" classname="com.crm.comcast.orgTest.BothTCOrgTest"/>
  <testcase name="createOrgwithIndustry" time="19.016" classname="com.crm.comcast.orgTest.BothTCOrgTest"/>
  <testcase name="CreateContactTest" time="21.299" classname="com.crm.comcast.contactTest.BothTCContactTest"/>
  <testcase name="CreateOrgWithIndsDDTest" time="33.016" classname="com.crm.comcast.contactTest.BothTCContactTest"/>
  <testcase name="@AfterSuite configAS" time="0.0" classname="com.crm.GenericLibrary.BaseAnnotationClass">
    <ignored/>
  </testcase> <!-- @AfterSuite configAS -->
  <testcase name="@BeforeSuite configBS" time="0.0" classname="com.crm.GenericLibrary.BaseAnnotationClass">
    <ignored/>
  </testcase> <!-- @BeforeSuite configBS -->
</testsuite> <!-- TestRunner-Firefox -->
